[2017-10-07 16:32:58] my_logger.INFO: CreditCardInvoice:findByID: 140 [] []
[2017-10-07 16:32:59] my_logger.WARNING: SQLSTATE[HY093]: Invalid parameter number: parameter was not defined [] []
[2017-10-07 16:32:59] my_logger.INFO: Rollback transaction... [] []
[2017-10-07 16:35:31] my_logger.INFO: CreditCardInvoice:findByID: 140 [] []
[2017-10-07 16:36:00] my_logger.INFO: CreditCardInvoice:PAYING invoice: RUMINIKI NUBANK Nov/2017 [] []
[2017-10-07 16:36:00] my_logger.INFO: DB Update: updating fatura 140 [] []
[2017-10-07 16:40:10] my_logger.INFO: CreditCardInvoice:findByID: 140 [] []
[2017-10-07 16:42:02] my_logger.INFO: CreditCardInvoice:findByID: 140 [] []
[2017-10-07 16:42:23] my_logger.INFO: CreditCardInvoice:UNDONE PAYment invoice: RUMINIKI NUBANK Nov/2017 [] []
[2017-10-07 16:42:23] my_logger.INFO: DB Update: updating fatura 140 [] []
[2017-10-07 16:42:30] my_logger.INFO: CreditCardInvoice:UNDONE PAYment invoice: RUMINIKI NUBANK Out/2017 [] []
[2017-10-07 16:42:30] my_logger.INFO: DB Update: updating fatura 139 [] []
[2017-10-07 16:42:53] my_logger.INFO: CreditCardInvoice:findByID: 139 [] []
[2017-10-07 16:42:57] my_logger.INFO: CreditCardInvoice:findByID: 139 [] []
[2017-10-07 16:43:07] my_logger.INFO: CreditCardInvoice:PAYING invoice: RUMINIKI NUBANK Out/2017 [] []
[2017-10-07 16:43:07] my_logger.INFO: DB Update: updating fatura 139 [] []
[2017-10-07 16:47:38] my_logger.INFO: CreditCardInvoice:findByID: 140 [] []
[2017-10-07 16:47:54] my_logger.INFO: CreditCardInvoice:PAYING invoice: RUMINIKI NUBANK Nov/2017 [] []
[2017-10-07 16:47:54] my_logger.INFO: DB Update: updating fatura 140 [] []
[2017-10-07 16:48:02] my_logger.INFO: CreditCardInvoice:UNDONE PAYment invoice: RUMINIKI NUBANK Nov/2017 [] []
[2017-10-07 16:48:02] my_logger.INFO: DB Update: updating fatura 140 [] []
